<?xml version="1.0" encoding="UTF-8"?>
<!-- Generated by org.testng.reporters.JUnitXMLReporter -->
<testsuite hostname="NGBLR-MAC71s-MacBook-Pro.local" name="Default test" tests="4" failures="0" timestamp="3 Nov 2019 07:32:50 GMT" time="4.095" errors="0">
  <testcase name="getMovieIdAndSpecificStatus" time="2.082" classname="com.qa.tests.TestOfBookList"/>
  <testcase name="getNegativeMovieList" time="0.663" classname="com.qa.tests.TestOfBookList"/>
  <testcase name="getThebookCount" time="0.646" classname="com.qa.tests.TestOfBookList"/>
  <testcase name="getApiTestWithTokenBearer" time="0.677" classname="com.qa.tests.TestOfBookList"/>
</testsuite> <!-- Default test -->
